i: 0 j: 99
i: 0 j: 53
i: 0 j: 45
i: 0 j: 26
i: 0 j: 4
k: 80
i: 0 j: 3
k: 82
i: 0 j: 2
k: 29
i: 0 j: 1
k: 96
i: 0 j: 0
i: 6 j: 25
k: 61
i: 6 j: 24
i: 6 j: 14
k: 97
i: 6 j: 13
k: 63
i: 6 j: 12
k: 76
i: 6 j: 11
k: 89
i: 6 j: 10
k: 70
i: 6 j: 9
i: 6 j: 6
i: 8 j: 8
i: 16 j: 23
i: 17 j: 22
k: 36
i: 17 j: 21
k: 71
i: 17 j: 20
k: 41
i: 17 j: 19
k: 55
i: 17 j: 18
k: 33
i: 17 j: 17
i: 28 j: 44
i: 29 j: 43
k: 98
i: 29 j: 42
i: 29 j: 36
k: 22
i: 29 j: 35
k: 90
i: 29 j: 34
k: 78
i: 29 j: 33
k: 18
i: 29 j: 32
k: 74
i: 29 j: 31
k: 66
i: 29 j: 30
k: 75
i: 29 j: 29
i: 38 j: 41
k: 20
i: 38 j: 40
k: 87
i: 38 j: 39
k: 56
i: 38 j: 38
i: 47 j: 52
k: 88
i: 47 j: 51
k: 58
i: 47 j: 50
k: 59
i: 47 j: 49
k: 68
i: 47 j: 48
k: 73
i: 47 j: 47
i: 55 j: 98
k: 43
i: 55 j: 97
k: 14
i: 55 j: 96
k: 1
i: 55 j: 95
i: 55 j: 59
k: 50
i: 55 j: 58
k: 51
i: 55 j: 57
k: 17
i: 55 j: 56
k: 39
i: 55 j: 55
i: 61 j: 94
i: 61 j: 92
k: 38
i: 61 j: 91
i: 61 j: 71
k: 21
i: 61 j: 70
k: 10
i: 61 j: 69
k: 8
i: 61 j: 68
k: 49
i: 61 j: 67
k: 85
i: 61 j: 66
k: 31
i: 61 j: 65
k: 0
i: 61 j: 64
k: 84
i: 61 j: 63
k: 13
i: 61 j: 62
k: 47
i: 61 j: 61
i: 73 j: 90
k: 35
i: 73 j: 89
k: 11
i: 73 j: 88
k: 52
i: 73 j: 87
k: 40
i: 73 j: 86
k: 6
i: 73 j: 85
k: 67
i: 73 j: 84
k: 64
i: 73 j: 83
i: 73 j: 78
k: 34
i: 73 j: 77
k: 81
i: 73 j: 76
k: 12
i: 73 j: 75
k: 30
i: 73 j: 74
k: 32
i: 73 j: 73
i: 80 j: 82
k: 3
i: 80 j: 81
k: 77
i: 80 j: 80
i: 94 j: 93
k: 94
i: 94 j: 92
k: 38
i: 94 j: 91
k: 72
i: 94 j: 90
k: 35
i: 94 j: 89
k: 11
i: 94 j: 88
k: 52
i: 94 j: 87
k: 40
i: 94 j: 86
k: 6
i: 94 j: 85
k: 67
i: 94 j: 84
k: 64
i: 94 j: 83
k: 79
i: 94 j: 82
k: 3
i: 94 j: 81
k: 77
i: 94 j: 80
k: 4
i: 94 j: 79
k: 83
i: 94 j: 78
k: 34
i: 94 j: 77
k: 81
i: 94 j: 76
k: 12
i: 94 j: 75
k: 30
i: 94 j: 74
k: 32
i: 94 j: 73
k: 48
i: 94 j: 72
k: 91
i: 94 j: 71
k: 21
i: 94 j: 70
k: 10
i: 94 j: 69
k: 8
i: 94 j: 68
k: 49
i: 94 j: 67
k: 85
i: 94 j: 66
k: 31
i: 94 j: 65
k: 0
i: 94 j: 64
k: 84
i: 94 j: 63
k: 13
i: 94 j: 62
k: 47
i: 94 j: 61
k: 25
i: 94 j: 60
k: 95
i: 94 j: 59
k: 50
i: 94 j: 58
k: 51
i: 94 j: 57
k: 17
i: 94 j: 56
k: 39
i: 94 j: 55
k: 19
i: 94 j: 54
k: 99
i: 94 j: 53
k: 46
i: 94 j: 52
k: 88
i: 94 j: 51
k: 58
i: 94 j: 50
k: 59
i: 94 j: 49
k: 68
i: 94 j: 48
k: 73
i: 94 j: 47
k: 62
i: 94 j: 46
k: 53
i: 94 j: 45
k: 27
i: 94 j: 44
k: 28
i: 94 j: 43
k: 98
i: 94 j: 42
k: 37
i: 94 j: 41
k: 20
i: 94 j: 40
k: 87
i: 94 j: 39
k: 56
i: 94 j: 38
k: 92
i: 94 j: 37
k: 42
i: 94 j: 36
k: 22
i: 94 j: 35
k: 90
i: 94 j: 34
k: 78
i: 94 j: 33
k: 18
i: 94 j: 32
k: 74
i: 94 j: 31
k: 66
i: 94 j: 30
k: 75
i: 94 j: 29
k: 2
i: 94 j: 28
k: 44
i: 94 j: 27
k: 45
i: 94 j: 26
k: 5
i: 94 j: 25
k: 61
i: 94 j: 24
k: 15
i: 94 j: 23
k: 16
i: 94 j: 22
k: 36
i: 94 j: 21
k: 71
i: 94 j: 20
k: 41
i: 94 j: 19
k: 55
i: 94 j: 18
k: 33
i: 94 j: 17
k: 57
i: 94 j: 16
k: 23
i: 94 j: 15
k: 24
i: 94 j: 14
k: 97
i: 94 j: 13
k: 63
i: 94 j: 12
k: 76
i: 94 j: 11
k: 89
i: 94 j: 10
k: 70
i: 94 j: 9
k: 7
i: 94 j: 8
k: 69
i: 94 j: 7
k: 9
i: 94 j: 6
k: 86
i: 94 j: 5
k: 26
i: 94 j: 4
k: 80
i: 94 j: 3
k: 82
i: 94 j: 2
k: 29
i: 94 j: 1
k: 96
i: 94 j: 0
k: 65
